<?xml version="1.0" encoding="UTF-8"?>
<!-- Generated by org.testng.reporters.JUnitXMLReporter -->
<testsuite ignored="0" hostname="DESKTOP-U8A9KM6" failures="0" tests="3" name="Surefire test" time="59.034" errors="0" timestamp="2025-06-21T16:02:32 EEST">
  <testcase classname="tests.AddToCartTest" name="addHoodieToCartTest" time="10.932"/>
  <testcase classname="tests.CheckoutTest" name="testGuestCheckoutFlow" time="17.635"/>
  <testcase classname="tests.HomePageTest" name="testSearchFunctionality" time="3.502"/>
</testsuite> <!-- Surefire test -->
