<?xml version="1.0" encoding="UTF-8"?>
<testng-results ignored="0" total="1" passed="1" failed="0" skipped="0">
  <reporter-output>
  </reporter-output>
  <suite started-at="2025-06-21T15:58:06 EEST" name="Surefire suite" finished-at="2025-06-21T15:58:34 EEST" duration-ms="28104">
    <groups>
    </groups>
    <test started-at="2025-06-21T15:58:06 EEST" name="Surefire test" finished-at="2025-06-21T15:58:34 EEST" duration-ms="28104">
      <class name="tests.CheckoutTest">
        <test-method is-config="true" signature="setup()[pri:0, instance:tests.CheckoutTest@25b485ba]" started-at="2025-06-21T15:58:06 EEST" name="setup" finished-at="2025-06-21T15:58:15 EEST" duration-ms="8220" status="PASS">
          <reporter-output>
          </reporter-output>
        </test-method> <!-- setup -->
        <test-method signature="testGuestCheckoutFlow()[pri:0, instance:tests.CheckoutTest@25b485ba]" started-at="2025-06-21T15:58:15 EEST" name="testGuestCheckoutFlow" finished-at="2025-06-21T15:58:34 EEST" duration-ms="19180" status="PASS">
          <reporter-output>
          </reporter-output>
        </test-method> <!-- testGuestCheckoutFlow -->
        <test-method is-config="true" signature="teardown()[pri:0, instance:tests.CheckoutTest@25b485ba]" started-at="2025-06-21T15:58:34 EEST" name="teardown" finished-at="2025-06-21T15:58:34 EEST" duration-ms="616" status="PASS">
          <reporter-output>
          </reporter-output>
        </test-method> <!-- teardown -->
      </class> <!-- tests.CheckoutTest -->
    </test> <!-- Surefire test -->
  </suite> <!-- Surefire suite -->
</testng-results>
